build/app/intermediates/manifest_merge_blame_file/debug/manifest-merger-blame-debug-report.txt
1<?xml version="1.0" encoding="utf-8"?>
2<manifest xmlns:android="http://schemas.android.com/apk/res/android"
3    package="co.appbrewery.bmicalculator"
4    android:versionCode="1"
5    android:versionName="1.0.0" >
6
7    <uses-sdk
8        android:minSdkVersion="16"
8-->src\main\AndroidManifest.xml
9        android:targetSdkVersion="29" />
9-->src\main\AndroidManifest.xml
10
11    <!--
12         The INTERNET permission is required for development. Specifically,
13         flutter needs it to communicate with the running application
14         to allow setting breakpoints, to provide hot reload, etc.
15    -->
16    <uses-permission android:name="android.permission.INTERNET" />
16-->src\main\AndroidManifest.xml:8:5-66
16-->src\main\AndroidManifest.xml:8:22-64
17    <uses-permission android:name="android.permission.RECEIVE_BOOT_COMPLETED" />
17-->[:flutter_local_notifications] AndroidManifest.xml:7:5-81
17-->[:flutter_local_notifications] AndroidManifest.xml:7:22-78
18    <uses-permission android:name="android.permission.VIBRATE" />
18-->[:flutter_local_notifications] AndroidManifest.xml:8:5-66
18-->[:flutter_local_notifications] AndroidManifest.xml:8:22-63
19    <uses-permission android:name="android.permission.USE_FULL_SCREEN_INTENT" />
19-->[:flutter_local_notifications] AndroidManifest.xml:9:5-81
19-->[:flutter_local_notifications] AndroidManifest.xml:9:22-78
20    <uses-permission android:name="android.permission.SCHEDULE_EXACT_ALARM" />
20-->[:flutter_local_notifications] AndroidManifest.xml:10:5-79
20-->[:flutter_local_notifications] AndroidManifest.xml:10:22-76
21    <!--
22 io.flutter.app.FlutterApplication is an android.app.Application that
23         calls FlutterMain.startInitialization(this); in its onCreate method.
24         In most cases you can leave this as-is, but you if you want to provide
25         additional functionality it is fine to subclass or reimplement
26         FlutterApplication and put your custom class here.
27    -->
28    <application
28-->src\main\AndroidManifest.xml:15:5-41:19
29        android:name="io.flutter.app.FlutterApplication"
29-->src\main\AndroidManifest.xml:16:9-57
30        android:appComponentFactory="androidx.core.app.CoreComponentFactory"
30-->[androidx.core:core:1.3.0] AndroidManifest.xml:24:18-86
31        android:debuggable="true"
32        android:icon="@mipmap/ic_launcher"
32-->src\main\AndroidManifest.xml:18:9-43
33        android:label="Health_Station" >
33-->src\main\AndroidManifest.xml:17:9-39
34        <activity
34-->src\main\AndroidManifest.xml:19:9-40:20
35            android:name="co.appbrewery.bmicalculator.MainActivity"
35-->src\main\AndroidManifest.xml:20:13-41
36            android:configChanges="orientation|keyboardHidden|keyboard|screenSize|locale|layoutDirection|fontScale|screenLayout|density"
36-->src\main\AndroidManifest.xml:23:13-137
37            android:hardwareAccelerated="true"
37-->src\main\AndroidManifest.xml:24:13-47
38            android:launchMode="singleTop"
38-->src\main\AndroidManifest.xml:21:13-43
39            android:showWhenLocked="true"
39-->src\main\AndroidManifest.xml:26:13-42
40            android:theme="@style/LaunchTheme"
40-->src\main\AndroidManifest.xml:22:13-47
41            android:turnScreenOn="true"
41-->src\main\AndroidManifest.xml:27:13-40
42            android:windowSoftInputMode="adjustResize" >
42-->src\main\AndroidManifest.xml:25:13-55
43
44            <!--
45                 This keeps the window background of the activity showing
46                 until Flutter renders its first frame. It can be removed if
47                 there is no splash screen (such as the default splash screen
48                 defined in @style/LaunchTheme).
49            -->
50            <meta-data
50-->src\main\AndroidManifest.xml:33:13-35:40
51                android:name="io.flutter.app.android.SplashScreenUntilFirstFrame"
51-->src\main\AndroidManifest.xml:34:17-82
52                android:value="true" />
52-->src\main\AndroidManifest.xml:35:17-37
53
54            <intent-filter>
54-->src\main\AndroidManifest.xml:36:13-39:29
55                <action android:name="android.intent.action.MAIN" />
55-->src\main\AndroidManifest.xml:37:17-68
55-->src\main\AndroidManifest.xml:37:25-66
56
57                <category android:name="android.intent.category.LAUNCHER" />
57-->src\main\AndroidManifest.xml:38:17-76
57-->src\main\AndroidManifest.xml:38:27-74
58            </intent-filter>
59        </activity>
60
61        <receiver
61-->[:flutter_local_notifications] AndroidManifest.xml:13:9-15:40
62            android:name="com.dexterous.flutterlocalnotifications.ScheduledNotificationReceiver"
62-->[:flutter_local_notifications] AndroidManifest.xml:14:13-97
63            android:exported="false" />
63-->[:flutter_local_notifications] AndroidManifest.xml:15:13-37
64        <receiver
64-->[:flutter_local_notifications] AndroidManifest.xml:16:9-25:20
65            android:name="com.dexterous.flutterlocalnotifications.ScheduledNotificationBootReceiver"
65-->[:flutter_local_notifications] AndroidManifest.xml:17:13-101
66            android:exported="false" >
66-->[:flutter_local_notifications] AndroidManifest.xml:18:13-37
67            <intent-filter>
67-->[:flutter_local_notifications] AndroidManifest.xml:19:13-24:29
68                <action android:name="android.intent.action.BOOT_COMPLETED" />
68-->[:flutter_local_notifications] AndroidManifest.xml:20:17-79
68-->[:flutter_local_notifications] AndroidManifest.xml:20:25-76
69                <action android:name="android.intent.action.MY_PACKAGE_REPLACED" />
69-->[:flutter_local_notifications] AndroidManifest.xml:21:17-84
69-->[:flutter_local_notifications] AndroidManifest.xml:21:25-81
70                <action android:name="android.intent.action.QUICKBOOT_POWERON" />
70-->[:flutter_local_notifications] AndroidManifest.xml:22:17-82
70-->[:flutter_local_notifications] AndroidManifest.xml:22:25-79
71                <action android:name="com.htc.intent.action.QUICKBOOT_POWERON" />
71-->[:flutter_local_notifications] AndroidManifest.xml:23:17-82
71-->[:flutter_local_notifications] AndroidManifest.xml:23:25-79
72            </intent-filter>
73        </receiver>
74    </application>
75
76</manifest>